0 info it worked if it ends with ok
1 verbose cli [ 'C:\\Program Files\\nodejs\\node.exe',
1 verbose cli   'C:\\Users\\JIC\\AppData\\Roaming\\npm\\node_modules\\npm\\bin\\npm-cli.js',
1 verbose cli   'install',
1 verbose cli   'jekyll-angular' ]
2 info using npm@4.0.2
3 info using node@v6.9.1
4 verbose config Skipping project config: C:\Users\JIC/.npmrc. (matches userconfig)
5 silly loadCurrentTree Starting
6 silly install loadCurrentTree
7 silly install readLocalPackageData
8 silly fetchPackageMetaData jekyll-angular
9 silly fetchNamedPackageData jekyll-angular
10 silly mapToRegistry name jekyll-angular
11 silly mapToRegistry using default registry
12 silly mapToRegistry registry http://registry.npmjs.org/
13 silly mapToRegistry data Result {
13 silly mapToRegistry   raw: 'jekyll-angular',
13 silly mapToRegistry   scope: null,
13 silly mapToRegistry   escapedName: 'jekyll-angular',
13 silly mapToRegistry   name: 'jekyll-angular',
13 silly mapToRegistry   rawSpec: '',
13 silly mapToRegistry   spec: 'latest',
13 silly mapToRegistry   type: 'tag' }
14 silly mapToRegistry uri http://registry.npmjs.org/jekyll-angular
15 verbose request uri http://registry.npmjs.org/jekyll-angular
16 verbose request no auth needed
17 info attempt registry request try #1 at 15:27:26
18 verbose request using bearer token for auth
19 verbose request id c6eb97e27ef3bf3b
20 http request GET http://registry.npmjs.org/jekyll-angular
21 http 404 http://registry.npmjs.org/jekyll-angular
22 verbose headers { 'content-type': 'application/json',
22 verbose headers   'cache-control': 'max-age=0',
22 verbose headers   'content-length': '2',
22 verbose headers   'accept-ranges': 'bytes',
22 verbose headers   date: 'Mon, 30 Jan 2017 06:27:27 GMT',
22 verbose headers   via: '1.1 varnish',
22 verbose headers   connection: 'keep-alive',
22 verbose headers   'x-served-by': 'cache-lax8629-LAX',
22 verbose headers   'x-cache': 'MISS',
22 verbose headers   'x-cache-hits': '0',
22 verbose headers   'x-timer': 'S1485757646.931418,VS0,VE477',
22 verbose headers   vary: 'Accept-Encoding' }
23 silly get cb [ 404,
23 silly get   { 'content-type': 'application/json',
23 silly get     'cache-control': 'max-age=0',
23 silly get     'content-length': '2',
23 silly get     'accept-ranges': 'bytes',
23 silly get     date: 'Mon, 30 Jan 2017 06:27:27 GMT',
23 silly get     via: '1.1 varnish',
23 silly get     connection: 'keep-alive',
23 silly get     'x-served-by': 'cache-lax8629-LAX',
23 silly get     'x-cache': 'MISS',
23 silly get     'x-cache-hits': '0',
23 silly get     'x-timer': 'S1485757646.931418,VS0,VE477',
23 silly get     vary: 'Accept-Encoding' } ]
24 silly fetchPackageMetaData Error: Registry returned 404 for GET on http://registry.npmjs.org/jekyll-angular
24 silly fetchPackageMetaData     at makeError (C:\Users\JIC\AppData\Roaming\npm\node_modules\npm\node_modules\npm-registry-client\lib\request.js:302:12)
24 silly fetchPackageMetaData     at CachingRegistryClient.<anonymous> (C:\Users\JIC\AppData\Roaming\npm\node_modules\npm\node_modules\npm-registry-client\lib\request.js:280:14)
24 silly fetchPackageMetaData     at Request._callback (C:\Users\JIC\AppData\Roaming\npm\node_modules\npm\node_modules\npm-registry-client\lib\request.js:210:14)
24 silly fetchPackageMetaData     at Request.self.callback (C:\Users\JIC\AppData\Roaming\npm\node_modules\npm\node_modules\request\request.js:186:22)
24 silly fetchPackageMetaData     at emitTwo (events.js:106:13)
24 silly fetchPackageMetaData     at Request.emit (events.js:191:7)
24 silly fetchPackageMetaData     at Request.<anonymous> (C:\Users\JIC\AppData\Roaming\npm\node_modules\npm\node_modules\request\request.js:1081:10)
24 silly fetchPackageMetaData     at emitOne (events.js:96:13)
24 silly fetchPackageMetaData     at Request.emit (events.js:188:7)
24 silly fetchPackageMetaData     at IncomingMessage.<anonymous> (C:\Users\JIC\AppData\Roaming\npm\node_modules\npm\node_modules\request\request.js:1001:12)
24 silly fetchPackageMetaData  error for jekyll-angular { Error: Registry returned 404 for GET on http://registry.npmjs.org/jekyll-angular
24 silly fetchPackageMetaData     at makeError (C:\Users\JIC\AppData\Roaming\npm\node_modules\npm\node_modules\npm-registry-client\lib\request.js:302:12)
24 silly fetchPackageMetaData     at CachingRegistryClient.<anonymous> (C:\Users\JIC\AppData\Roaming\npm\node_modules\npm\node_modules\npm-registry-client\lib\request.js:280:14)
24 silly fetchPackageMetaData     at Request._callback (C:\Users\JIC\AppData\Roaming\npm\node_modules\npm\node_modules\npm-registry-client\lib\request.js:210:14)
24 silly fetchPackageMetaData     at Request.self.callback (C:\Users\JIC\AppData\Roaming\npm\node_modules\npm\node_modules\request\request.js:186:22)
24 silly fetchPackageMetaData     at emitTwo (events.js:106:13)
24 silly fetchPackageMetaData     at Request.emit (events.js:191:7)
24 silly fetchPackageMetaData     at Request.<anonymous> (C:\Users\JIC\AppData\Roaming\npm\node_modules\npm\node_modules\request\request.js:1081:10)
24 silly fetchPackageMetaData     at emitOne (events.js:96:13)
24 silly fetchPackageMetaData     at Request.emit (events.js:188:7)
24 silly fetchPackageMetaData     at IncomingMessage.<anonymous> (C:\Users\JIC\AppData\Roaming\npm\node_modules\npm\node_modules\request\request.js:1001:12) pkgid: 'jekyll-angular', statusCode: 404, code: 'E404' }
25 silly rollbackFailedOptional Starting
26 silly rollbackFailedOptional Finishing
27 silly runTopLevelLifecycles Finishing
28 silly install printInstalled
29 verbose stack Error: Registry returned 404 for GET on http://registry.npmjs.org/jekyll-angular
29 verbose stack     at makeError (C:\Users\JIC\AppData\Roaming\npm\node_modules\npm\node_modules\npm-registry-client\lib\request.js:302:12)
29 verbose stack     at CachingRegistryClient.<anonymous> (C:\Users\JIC\AppData\Roaming\npm\node_modules\npm\node_modules\npm-registry-client\lib\request.js:280:14)
29 verbose stack     at Request._callback (C:\Users\JIC\AppData\Roaming\npm\node_modules\npm\node_modules\npm-registry-client\lib\request.js:210:14)
29 verbose stack     at Request.self.callback (C:\Users\JIC\AppData\Roaming\npm\node_modules\npm\node_modules\request\request.js:186:22)
29 verbose stack     at emitTwo (events.js:106:13)
29 verbose stack     at Request.emit (events.js:191:7)
29 verbose stack     at Request.<anonymous> (C:\Users\JIC\AppData\Roaming\npm\node_modules\npm\node_modules\request\request.js:1081:10)
29 verbose stack     at emitOne (events.js:96:13)
29 verbose stack     at Request.emit (events.js:188:7)
29 verbose stack     at IncomingMessage.<anonymous> (C:\Users\JIC\AppData\Roaming\npm\node_modules\npm\node_modules\request\request.js:1001:12)
30 verbose statusCode 404
31 verbose pkgid jekyll-angular
32 verbose cwd C:\Users\JIC\github\Jung-inchul.github.io
33 error Windows_NT 10.0.14393
34 error argv "C:\\Program Files\\nodejs\\node.exe" "C:\\Users\\JIC\\AppData\\Roaming\\npm\\node_modules\\npm\\bin\\npm-cli.js" "install" "jekyll-angular"
35 error node v6.9.1
36 error npm  v4.0.2
37 error code E404
38 error 404 Registry returned 404 for GET on http://registry.npmjs.org/jekyll-angular
39 error 404
40 error 404 'jekyll-angular' is not in the npm registry.
41 error 404 You should bug the author to publish it (or use the name yourself!)
42 error 404 Note that you can also install from a
43 error 404 tarball, folder, http url, or git url.
44 verbose exit [ 1, true ]
